{"C:\\Users\\2461384\\OneDrive - Cognizant\\Desktop\\quizappdemo2\\quiz-frontend\\src\\components\\ProgressBar.js": {"path":"C:\\Users\\2461384\\OneDrive - Cognizant\\Desktop\\quizappdemo2\\quiz-frontend\\src\\components\\ProgressBar.js","statementMap":{"0":{"start":{"line":5,"column":2},"end":{"line":15,"column":4}}},"fnMap":{"0":{"name":"ProgressBar","decl":{"start":{"line":4,"column":9},"end":{"line":4,"column":20}},"loc":{"start":{"line":4,"column":35},"end":{"line":16,"column":1}},"line":4}},"branchMap":{},"s":{"0":9},"f":{"0":9},"b":{},"_coverageSchema":"1a1c01bbd47fc00a2c39e90264f33305004495a9","hash":"769ef49ba3afec118f970a59b73565381cfa4b6a"}
,"C:\\Users\\2461384\\OneDrive - Cognizant\\Desktop\\quizappdemo2\\quiz-frontend\\src\\components\\QuestionCard.js": {"path":"C:\\Users\\2461384\\OneDrive - Cognizant\\Desktop\\quizappdemo2\\quiz-frontend\\src\\components\\QuestionCard.js","statementMap":{"0":{"start":{"line":5,"column":2},"end":{"line":30,"column":4}},"1":{"start":{"line":13,"column":10},"end":{"line":26,"column":18}},"2":{"start":{"line":19,"column":30},"end":{"line":19,"column":55}}},"fnMap":{"0":{"name":"QuestionCard","decl":{"start":{"line":4,"column":9},"end":{"line":4,"column":21}},"loc":{"start":{"line":4,"column":84},"end":{"line":31,"column":1}},"line":4},"1":{"name":"(anonymous_1)","decl":{"start":{"line":12,"column":30},"end":{"line":12,"column":31}},"loc":{"start":{"line":13,"column":10},"end":{"line":26,"column":18}},"line":13},"2":{"name":"(anonymous_2)","decl":{"start":{"line":19,"column":24},"end":{"line":19,"column":25}},"loc":{"start":{"line":19,"column":30},"end":{"line":19,"column":55}},"line":19}},"branchMap":{"0":{"loc":{"start":{"line":23,"column":13},"end":{"line":25,"column":13}},"type":"binary-expr","locations":[{"start":{"line":23,"column":13},"end":{"line":23,"column":41}},{"start":{"line":24,"column":14},"end":{"line":24,"column":50}}],"line":23}},"s":{"0":10,"1":37,"2":1},"f":{"0":10,"1":37,"2":1},"b":{"0":[37,3]},"_coverageSchema":"1a1c01bbd47fc00a2c39e90264f33305004495a9","hash":"70a7d2d425762a05b51d495c918d58d00b16e8a1"}
,"C:\\Users\\2461384\\OneDrive - Cognizant\\Desktop\\quizappdemo2\\quiz-frontend\\src\\components\\Timer.js": {"path":"C:\\Users\\2461384\\OneDrive - Cognizant\\Desktop\\quizappdemo2\\quiz-frontend\\src\\components\\Timer.js","statementMap":{"0":{"start":{"line":5,"column":24},"end":{"line":9,"column":3}},"1":{"start":{"line":6,"column":4},"end":{"line":6,"column":42}},"2":{"start":{"line":6,"column":24},"end":{"line":6,"column":42}},"3":{"start":{"line":7,"column":4},"end":{"line":7,"column":41}},"4":{"start":{"line":7,"column":24},"end":{"line":7,"column":41}},"5":{"start":{"line":8,"column":4},"end":{"line":8,"column":20}},"6":{"start":{"line":11,"column":2},"end":{"line":19,"column":4}}},"fnMap":{"0":{"name":"Timer","decl":{"start":{"line":4,"column":9},"end":{"line":4,"column":14}},"loc":{"start":{"line":4,"column":29},"end":{"line":20,"column":1}},"line":4},"1":{"name":"(anonymous_1)","decl":{"start":{"line":5,"column":24},"end":{"line":5,"column":25}},"loc":{"start":{"line":5,"column":30},"end":{"line":9,"column":3}},"line":5}},"branchMap":{"0":{"loc":{"start":{"line":6,"column":4},"end":{"line":6,"column":42}},"type":"if","locations":[{"start":{"line":6,"column":4},"end":{"line":6,"column":42}},{"start":{},"end":{}}],"line":6},"1":{"loc":{"start":{"line":7,"column":4},"end":{"line":7,"column":41}},"type":"if","locations":[{"start":{"line":7,"column":4},"end":{"line":7,"column":41}},{"start":{},"end":{}}],"line":7},"2":{"loc":{"start":{"line":17,"column":7},"end":{"line":17,"column":67}},"type":"binary-expr","locations":[{"start":{"line":17,"column":7},"end":{"line":17,"column":21}},{"start":{"line":17,"column":25},"end":{"line":17,"column":67}}],"line":17}},"s":{"0":5,"1":5,"2":1,"3":4,"4":1,"5":3,"6":5},"f":{"0":5,"1":5},"b":{"0":[1,4],"1":[1,3],"2":[5,1]},"_coverageSchema":"1a1c01bbd47fc00a2c39e90264f33305004495a9","hash":"0dce825558fde3f2a740b86ed0881d12e5646b7f"}
,"C:\\Users\\2461384\\OneDrive - Cognizant\\Desktop\\quizappdemo2\\quiz-frontend\\src\\pages\\Home.js": {"path":"C:\\Users\\2461384\\OneDrive - Cognizant\\Desktop\\quizappdemo2\\quiz-frontend\\src\\pages\\Home.js","statementMap":{"0":{"start":{"line":8,"column":26},"end":{"line":8,"column":38}},"1":{"start":{"line":9,"column":19},"end":{"line":9,"column":32}},"2":{"start":{"line":11,"column":22},"end":{"line":45,"column":3}},"3":{"start":{"line":12,"column":4},"end":{"line":12,"column":23}},"4":{"start":{"line":13,"column":4},"end":{"line":16,"column":5}},"5":{"start":{"line":14,"column":6},"end":{"line":14,"column":44}},"6":{"start":{"line":15,"column":6},"end":{"line":15,"column":13}},"7":{"start":{"line":18,"column":4},"end":{"line":44,"column":5}},"8":{"start":{"line":19,"column":23},"end":{"line":19,"column":104}},"9":{"start":{"line":20,"column":27},"end":{"line":20,"column":48}},"10":{"start":{"line":22,"column":6},"end":{"line":29,"column":7}},"11":{"start":{"line":23,"column":8},"end":{"line":26,"column":11}},"12":{"start":{"line":27,"column":8},"end":{"line":27,"column":20}},"13":{"start":{"line":28,"column":8},"end":{"line":28,"column":15}},"14":{"start":{"line":31,"column":6},"end":{"line":34,"column":9}},"15":{"start":{"line":36,"column":6},"end":{"line":39,"column":14}},"16":{"start":{"line":37,"column":8},"end":{"line":37,"column":26}},"17":{"start":{"line":38,"column":8},"end":{"line":38,"column":26}},"18":{"start":{"line":41,"column":6},"end":{"line":41,"column":55}},"19":{"start":{"line":42,"column":6},"end":{"line":42,"column":24}},"20":{"start":{"line":43,"column":6},"end":{"line":43,"column":24}},"21":{"start":{"line":47,"column":2},"end":{"line":104,"column":4}},"22":{"start":{"line":95,"column":31},"end":{"line":95,"column":54}}},"fnMap":{"0":{"name":"Home","decl":{"start":{"line":7,"column":9},"end":{"line":7,"column":13}},"loc":{"start":{"line":7,"column":31},"end":{"line":105,"column":1}},"line":7},"1":{"name":"(anonymous_1)","decl":{"start":{"line":11,"column":22},"end":{"line":11,"column":23}},"loc":{"start":{"line":11,"column":35},"end":{"line":45,"column":3}},"line":11},"2":{"name":"(anonymous_2)","decl":{"start":{"line":36,"column":17},"end":{"line":36,"column":18}},"loc":{"start":{"line":36,"column":23},"end":{"line":39,"column":7}},"line":36},"3":{"name":"(anonymous_3)","decl":{"start":{"line":95,"column":24},"end":{"line":95,"column":25}},"loc":{"start":{"line":95,"column":31},"end":{"line":95,"column":54}},"line":95}},"branchMap":{"0":{"loc":{"start":{"line":13,"column":4},"end":{"line":16,"column":5}},"type":"if","locations":[{"start":{"line":13,"column":4},"end":{"line":16,"column":5}},{"start":{},"end":{}}],"line":13},"1":{"loc":{"start":{"line":22,"column":6},"end":{"line":29,"column":7}},"type":"if","locations":[{"start":{"line":22,"column":6},"end":{"line":29,"column":7}},{"start":{},"end":{}}],"line":22}},"s":{"0":19,"1":19,"2":19,"3":5,"4":5,"5":2,"6":2,"7":3,"8":3,"9":2,"10":2,"11":1,"12":1,"13":1,"14":1,"15":1,"16":1,"17":1,"18":1,"19":1,"20":1,"21":19,"22":5},"f":{"0":19,"1":5,"2":1,"3":5},"b":{"0":[2,3],"1":[1,1]},"_coverageSchema":"1a1c01bbd47fc00a2c39e90264f33305004495a9","hash":"ac2f108f85c6bf47099ae3b3703308207b376ac2"}
,"C:\\Users\\2461384\\OneDrive - Cognizant\\Desktop\\quizappdemo2\\quiz-frontend\\src\\pages\\Leaderboard.js": {"path":"C:\\Users\\2461384\\OneDrive - Cognizant\\Desktop\\quizappdemo2\\quiz-frontend\\src\\pages\\Leaderboard.js","statementMap":{"0":{"start":{"line":7,"column":40},"end":{"line":7,"column":52}},"1":{"start":{"line":8,"column":32},"end":{"line":8,"column":46}},"2":{"start":{"line":9,"column":19},"end":{"line":9,"column":32}},"3":{"start":{"line":11,"column":2},"end":{"line":13,"column":9}},"4":{"start":{"line":12,"column":4},"end":{"line":12,"column":23}},"5":{"start":{"line":15,"column":27},"end":{"line":24,"column":3}},"6":{"start":{"line":16,"column":4},"end":{"line":23,"column":5}},"7":{"start":{"line":17,"column":23},"end":{"line":17,"column":86}},"8":{"start":{"line":18,"column":6},"end":{"line":18,"column":36}},"9":{"start":{"line":19,"column":6},"end":{"line":19,"column":24}},"10":{"start":{"line":21,"column":6},"end":{"line":21,"column":58}},"11":{"start":{"line":22,"column":6},"end":{"line":22,"column":24}},"12":{"start":{"line":26,"column":2},"end":{"line":78,"column":4}},"13":{"start":{"line":48,"column":14},"end":{"line":65,"column":20}},"14":{"start":{"line":72,"column":25},"end":{"line":72,"column":38}}},"fnMap":{"0":{"name":"Leaderboard","decl":{"start":{"line":6,"column":9},"end":{"line":6,"column":20}},"loc":{"start":{"line":6,"column":23},"end":{"line":79,"column":1}},"line":6},"1":{"name":"(anonymous_1)","decl":{"start":{"line":11,"column":12},"end":{"line":11,"column":13}},"loc":{"start":{"line":11,"column":18},"end":{"line":13,"column":3}},"line":11},"2":{"name":"(anonymous_2)","decl":{"start":{"line":15,"column":27},"end":{"line":15,"column":28}},"loc":{"start":{"line":15,"column":39},"end":{"line":24,"column":3}},"line":15},"3":{"name":"(anonymous_3)","decl":{"start":{"line":47,"column":29},"end":{"line":47,"column":30}},"loc":{"start":{"line":48,"column":14},"end":{"line":65,"column":20}},"line":48},"4":{"name":"(anonymous_4)","decl":{"start":{"line":72,"column":19},"end":{"line":72,"column":20}},"loc":{"start":{"line":72,"column":25},"end":{"line":72,"column":38}},"line":72}},"branchMap":{"0":{"loc":{"start":{"line":34,"column":9},"end":{"line":68,"column":9}},"type":"cond-expr","locations":[{"start":{"line":35,"column":10},"end":{"line":35,"column":63}},{"start":{"line":36,"column":12},"end":{"line":68,"column":9}}],"line":34},"1":{"loc":{"start":{"line":36,"column":12},"end":{"line":68,"column":9}},"type":"cond-expr","locations":[{"start":{"line":37,"column":10},"end":{"line":37,"column":86}},{"start":{"line":39,"column":10},"end":{"line":67,"column":16}}],"line":36},"2":{"loc":{"start":{"line":48,"column":55},"end":{"line":48,"column":91}},"type":"cond-expr","locations":[{"start":{"line":48,"column":67},"end":{"line":48,"column":86}},{"start":{"line":48,"column":89},"end":{"line":48,"column":91}}],"line":48},"3":{"loc":{"start":{"line":51,"column":21},"end":{"line":51,"column":40}},"type":"binary-expr","locations":[{"start":{"line":51,"column":21},"end":{"line":51,"column":32}},{"start":{"line":51,"column":36},"end":{"line":51,"column":40}}],"line":51},"4":{"loc":{"start":{"line":52,"column":21},"end":{"line":52,"column":40}},"type":"binary-expr","locations":[{"start":{"line":52,"column":21},"end":{"line":52,"column":32}},{"start":{"line":52,"column":36},"end":{"line":52,"column":40}}],"line":52},"5":{"loc":{"start":{"line":53,"column":21},"end":{"line":53,"column":40}},"type":"binary-expr","locations":[{"start":{"line":53,"column":21},"end":{"line":53,"column":32}},{"start":{"line":53,"column":36},"end":{"line":53,"column":40}}],"line":53},"6":{"loc":{"start":{"line":54,"column":21},"end":{"line":54,"column":46}},"type":"binary-expr","locations":[{"start":{"line":54,"column":21},"end":{"line":54,"column":31}},{"start":{"line":54,"column":36},"end":{"line":54,"column":45}}],"line":54}},"s":{"0":23,"1":23,"2":23,"3":23,"4":13,"5":23,"6":13,"7":13,"8":11,"9":11,"10":1,"11":1,"12":23,"13":28,"14":1},"f":{"0":23,"1":13,"2":13,"3":28,"4":1},"b":{"0":[13,10],"1":[3,7],"2":[21,7],"3":[28,7],"4":[28,7],"5":[28,7],"6":[28,7]},"_coverageSchema":"1a1c01bbd47fc00a2c39e90264f33305004495a9","hash":"fbf50d91e35356a0e41487ebb97946d89f435348"}
,"C:\\Users\\2461384\\OneDrive - Cognizant\\Desktop\\quizappdemo2\\quiz-frontend\\src\\pages\\Quiz.js": {"path":"C:\\Users\\2461384\\OneDrive - Cognizant\\Desktop\\quizappdemo2\\quiz-frontend\\src\\pages\\Quiz.js","statementMap":{"0":{"start":{"line":10,"column":36},"end":{"line":10,"column":48}},"1":{"start":{"line":11,"column":58},"end":{"line":11,"column":69}},"2":{"start":{"line":12,"column":28},"end":{"line":12,"column":39}},"3":{"start":{"line":13,"column":48},"end":{"line":13,"column":60}},"4":{"start":{"line":14,"column":32},"end":{"line":14,"column":46}},"5":{"start":{"line":15,"column":34},"end":{"line":15,"column":46}},"6":{"start":{"line":16,"column":42},"end":{"line":16,"column":57}},"7":{"start":{"line":17,"column":19},"end":{"line":17,"column":32}},"8":{"start":{"line":20,"column":2},"end":{"line":50,"column":9}},"9":{"start":{"line":21,"column":27},"end":{"line":47,"column":5}},"10":{"start":{"line":22,"column":6},"end":{"line":46,"column":7}},"11":{"start":{"line":23,"column":25},"end":{"line":25,"column":10}},"12":{"start":{"line":28,"column":21},"end":{"line":28,"column":30}},"13":{"start":{"line":29,"column":32},"end":{"line":33,"column":10}},"14":{"start":{"line":30,"column":10},"end":{"line":30,"column":43}},"15":{"start":{"line":30,"column":30},"end":{"line":30,"column":43}},"16":{"start":{"line":31,"column":10},"end":{"line":31,"column":25}},"17":{"start":{"line":32,"column":10},"end":{"line":32,"column":22}},"18":{"start":{"line":36,"column":25},"end":{"line":36,"column":77}},"19":{"start":{"line":36,"column":57},"end":{"line":36,"column":76}},"20":{"start":{"line":39,"column":25},"end":{"line":39,"column":46}},"21":{"start":{"line":41,"column":8},"end":{"line":41,"column":31}},"22":{"start":{"line":42,"column":8},"end":{"line":42,"column":26}},"23":{"start":{"line":44,"column":8},"end":{"line":44,"column":58}},"24":{"start":{"line":45,"column":8},"end":{"line":45,"column":26}},"25":{"start":{"line":49,"column":4},"end":{"line":49,"column":21}},"26":{"start":{"line":53,"column":2},"end":{"line":73,"column":61}},"27":{"start":{"line":54,"column":4},"end":{"line":54,"column":29}},"28":{"start":{"line":54,"column":22},"end":{"line":54,"column":29}},"29":{"start":{"line":56,"column":18},"end":{"line":70,"column":12}},"30":{"start":{"line":57,"column":6},"end":{"line":69,"column":9}},"31":{"start":{"line":58,"column":8},"end":{"line":67,"column":9}},"32":{"start":{"line":59,"column":10},"end":{"line":65,"column":13}},"33":{"start":{"line":60,"column":28},"end":{"line":60,"column":35}},"34":{"start":{"line":61,"column":12},"end":{"line":63,"column":13}},"35":{"start":{"line":62,"column":14},"end":{"line":62,"column":36}},"36":{"start":{"line":64,"column":12},"end":{"line":64,"column":62}},"37":{"start":{"line":66,"column":10},"end":{"line":66,"column":20}},"38":{"start":{"line":68,"column":8},"end":{"line":68,"column":24}},"39":{"start":{"line":72,"column":4},"end":{"line":72,"column":38}},"40":{"start":{"line":72,"column":17},"end":{"line":72,"column":37}},"41":{"start":{"line":75,"column":29},"end":{"line":85,"column":3}},"42":{"start":{"line":76,"column":28},"end":{"line":76,"column":59}},"43":{"start":{"line":77,"column":4},"end":{"line":80,"column":7}},"44":{"start":{"line":82,"column":4},"end":{"line":84,"column":5}},"45":{"start":{"line":83,"column":6},"end":{"line":83,"column":33}},"46":{"start":{"line":83,"column":23},"end":{"line":83,"column":31}},"47":{"start":{"line":87,"column":21},"end":{"line":94,"column":3}},"48":{"start":{"line":88,"column":4},"end":{"line":93,"column":5}},"49":{"start":{"line":89,"column":6},"end":{"line":89,"column":48}},"50":{"start":{"line":89,"column":38},"end":{"line":89,"column":46}},"51":{"start":{"line":90,"column":6},"end":{"line":90,"column":22}},"52":{"start":{"line":92,"column":6},"end":{"line":92,"column":21}},"53":{"start":{"line":96,"column":25},"end":{"line":101,"column":3}},"54":{"start":{"line":97,"column":4},"end":{"line":100,"column":5}},"55":{"start":{"line":98,"column":6},"end":{"line":98,"column":48}},"56":{"start":{"line":98,"column":38},"end":{"line":98,"column":46}},"57":{"start":{"line":99,"column":6},"end":{"line":99,"column":22}},"58":{"start":{"line":103,"column":23},"end":{"line":122,"column":3}},"59":{"start":{"line":104,"column":4},"end":{"line":104,"column":26}},"60":{"start":{"line":105,"column":4},"end":{"line":105,"column":40}},"61":{"start":{"line":106,"column":4},"end":{"line":106,"column":24}},"62":{"start":{"line":108,"column":4},"end":{"line":117,"column":5}},"63":{"start":{"line":109,"column":6},"end":{"line":114,"column":9}},"64":{"start":{"line":116,"column":6},"end":{"line":116,"column":50}},"65":{"start":{"line":119,"column":4},"end":{"line":121,"column":13}},"66":{"start":{"line":120,"column":6},"end":{"line":120,"column":27}},"67":{"start":{"line":124,"column":2},"end":{"line":126,"column":3}},"68":{"start":{"line":125,"column":4},"end":{"line":125,"column":101}},"69":{"start":{"line":128,"column":2},"end":{"line":130,"column":3}},"70":{"start":{"line":129,"column":4},"end":{"line":129,"column":103}},"71":{"start":{"line":132,"column":26},"end":{"line":132,"column":57}},"72":{"start":{"line":133,"column":19},"end":{"line":133,"column":72}},"73":{"start":{"line":135,"column":2},"end":{"line":175,"column":4}}},"fnMap":{"0":{"name":"Quiz","decl":{"start":{"line":9,"column":9},"end":{"line":9,"column":13}},"loc":{"start":{"line":9,"column":61},"end":{"line":176,"column":1}},"line":9},"1":{"name":"(anonymous_1)","decl":{"start":{"line":20,"column":12},"end":{"line":20,"column":13}},"loc":{"start":{"line":20,"column":18},"end":{"line":50,"column":3}},"line":20},"2":{"name":"(anonymous_2)","decl":{"start":{"line":21,"column":27},"end":{"line":21,"column":28}},"loc":{"start":{"line":21,"column":39},"end":{"line":47,"column":5}},"line":21},"3":{"name":"(anonymous_3)","decl":{"start":{"line":29,"column":53},"end":{"line":29,"column":54}},"loc":{"start":{"line":29,"column":58},"end":{"line":33,"column":9}},"line":29},"4":{"name":"(anonymous_4)","decl":{"start":{"line":36,"column":51},"end":{"line":36,"column":52}},"loc":{"start":{"line":36,"column":57},"end":{"line":36,"column":76}},"line":36},"5":{"name":"(anonymous_5)","decl":{"start":{"line":53,"column":12},"end":{"line":53,"column":13}},"loc":{"start":{"line":53,"column":18},"end":{"line":73,"column":3}},"line":53},"6":{"name":"(anonymous_6)","decl":{"start":{"line":56,"column":30},"end":{"line":56,"column":31}},"loc":{"start":{"line":56,"column":36},"end":{"line":70,"column":5}},"line":56},"7":{"name":"(anonymous_7)","decl":{"start":{"line":57,"column":18},"end":{"line":57,"column":19}},"loc":{"start":{"line":57,"column":26},"end":{"line":69,"column":7}},"line":57},"8":{"name":"(anonymous_8)","decl":{"start":{"line":59,"column":34},"end":{"line":59,"column":35}},"loc":{"start":{"line":59,"column":41},"end":{"line":65,"column":11}},"line":59},"9":{"name":"(anonymous_9)","decl":{"start":{"line":72,"column":11},"end":{"line":72,"column":12}},"loc":{"start":{"line":72,"column":17},"end":{"line":72,"column":37}},"line":72},"10":{"name":"(anonymous_10)","decl":{"start":{"line":75,"column":29},"end":{"line":75,"column":30}},"loc":{"start":{"line":75,"column":43},"end":{"line":85,"column":3}},"line":75},"11":{"name":"(anonymous_11)","decl":{"start":{"line":83,"column":15},"end":{"line":83,"column":16}},"loc":{"start":{"line":83,"column":23},"end":{"line":83,"column":31}},"line":83},"12":{"name":"(anonymous_12)","decl":{"start":{"line":87,"column":21},"end":{"line":87,"column":22}},"loc":{"start":{"line":87,"column":27},"end":{"line":94,"column":3}},"line":87},"13":{"name":"(anonymous_13)","decl":{"start":{"line":89,"column":30},"end":{"line":89,"column":31}},"loc":{"start":{"line":89,"column":38},"end":{"line":89,"column":46}},"line":89},"14":{"name":"(anonymous_14)","decl":{"start":{"line":96,"column":25},"end":{"line":96,"column":26}},"loc":{"start":{"line":96,"column":31},"end":{"line":101,"column":3}},"line":96},"15":{"name":"(anonymous_15)","decl":{"start":{"line":98,"column":30},"end":{"line":98,"column":31}},"loc":{"start":{"line":98,"column":38},"end":{"line":98,"column":46}},"line":98},"16":{"name":"(anonymous_16)","decl":{"start":{"line":103,"column":23},"end":{"line":103,"column":24}},"loc":{"start":{"line":103,"column":35},"end":{"line":122,"column":3}},"line":103},"17":{"name":"(anonymous_17)","decl":{"start":{"line":119,"column":15},"end":{"line":119,"column":16}},"loc":{"start":{"line":119,"column":21},"end":{"line":121,"column":5}},"line":119}},"branchMap":{"0":{"loc":{"start":{"line":30,"column":10},"end":{"line":30,"column":43}},"type":"if","locations":[{"start":{"line":30,"column":10},"end":{"line":30,"column":43}},{"start":{},"end":{}}],"line":30},"1":{"loc":{"start":{"line":54,"column":4},"end":{"line":54,"column":29}},"type":"if","locations":[{"start":{"line":54,"column":4},"end":{"line":54,"column":29}},{"start":{},"end":{}}],"line":54},"2":{"loc":{"start":{"line":58,"column":8},"end":{"line":67,"column":9}},"type":"if","locations":[{"start":{"line":58,"column":8},"end":{"line":67,"column":9}},{"start":{},"end":{}}],"line":58},"3":{"loc":{"start":{"line":61,"column":12},"end":{"line":63,"column":13}},"type":"if","locations":[{"start":{"line":61,"column":12},"end":{"line":63,"column":13}},{"start":{},"end":{}}],"line":61},"4":{"loc":{"start":{"line":64,"column":19},"end":{"line":64,"column":61}},"type":"cond-expr","locations":[{"start":{"line":64,"column":48},"end":{"line":64,"column":55}},{"start":{"line":64,"column":58},"end":{"line":64,"column":61}}],"line":64},"5":{"loc":{"start":{"line":82,"column":4},"end":{"line":84,"column":5}},"type":"if","locations":[{"start":{"line":82,"column":4},"end":{"line":84,"column":5}},{"start":{},"end":{}}],"line":82},"6":{"loc":{"start":{"line":88,"column":4},"end":{"line":93,"column":5}},"type":"if","locations":[{"start":{"line":88,"column":4},"end":{"line":93,"column":5}},{"start":{"line":91,"column":11},"end":{"line":93,"column":5}}],"line":88},"7":{"loc":{"start":{"line":97,"column":4},"end":{"line":100,"column":5}},"type":"if","locations":[{"start":{"line":97,"column":4},"end":{"line":100,"column":5}},{"start":{},"end":{}}],"line":97},"8":{"loc":{"start":{"line":124,"column":2},"end":{"line":126,"column":3}},"type":"if","locations":[{"start":{"line":124,"column":2},"end":{"line":126,"column":3}},{"start":{},"end":{}}],"line":124},"9":{"loc":{"start":{"line":128,"column":2},"end":{"line":130,"column":3}},"type":"if","locations":[{"start":{"line":128,"column":2},"end":{"line":130,"column":3}},{"start":{},"end":{}}],"line":128},"10":{"loc":{"start":{"line":169,"column":19},"end":{"line":169,"column":92}},"type":"cond-expr","locations":[{"start":{"line":169,"column":67},"end":{"line":169,"column":79}},{"start":{"line":169,"column":82},"end":{"line":169,"column":92}}],"line":169},"11":{"loc":{"start":{"line":171,"column":11},"end":{"line":171,"column":83}},"type":"cond-expr","locations":[{"start":{"line":171,"column":59},"end":{"line":171,"column":72}},{"start":{"line":171,"column":75},"end":{"line":171,"column":83}}],"line":171}},"s":{"0":2,"1":2,"2":2,"3":2,"4":2,"5":2,"6":2,"7":2,"8":2,"9":1,"10":1,"11":1,"12":1,"13":1,"14":1,"15":0,"16":1,"17":1,"18":1,"19":0,"20":1,"21":1,"22":1,"23":0,"24":0,"25":1,"26":2,"27":2,"28":0,"29":2,"30":0,"31":0,"32":0,"33":0,"34":0,"35":0,"36":0,"37":0,"38":0,"39":2,"40":2,"41":2,"42":0,"43":0,"44":0,"45":0,"46":0,"47":2,"48":0,"49":0,"50":0,"51":0,"52":0,"53":2,"54":0,"55":0,"56":0,"57":0,"58":2,"59":0,"60":0,"61":0,"62":0,"63":0,"64":0,"65":0,"66":0,"67":2,"68":1,"69":1,"70":0,"71":1,"72":1,"73":1},"f":{"0":2,"1":1,"2":1,"3":1,"4":0,"5":2,"6":0,"7":0,"8":0,"9":2,"10":0,"11":0,"12":0,"13":0,"14":0,"15":0,"16":0,"17":0},"b":{"0":[0,1],"1":[0,2],"2":[0,0],"3":[0,0],"4":[0,0],"5":[0,0],"6":[0,0],"7":[0,0],"8":[1,1],"9":[0,1],"10":[1,0],"11":[1,0]},"_coverageSchema":"1a1c01bbd47fc00a2c39e90264f33305004495a9","hash":"2cbafb909185bf4cd93406636b95a23be6a6d471"}
,"C:\\Users\\2461384\\OneDrive - Cognizant\\Desktop\\quizappdemo2\\quiz-frontend\\src\\pages\\Results.js": {"path":"C:\\Users\\2461384\\OneDrive - Cognizant\\Desktop\\quizappdemo2\\quiz-frontend\\src\\pages\\Results.js","statementMap":{"0":{"start":{"line":7,"column":19},"end":{"line":7,"column":32}},"1":{"start":{"line":8,"column":42},"end":{"line":8,"column":54}},"2":{"start":{"line":10,"column":28},"end":{"line":17,"column":16}},"3":{"start":{"line":11,"column":4},"end":{"line":16,"column":5}},"4":{"start":{"line":12,"column":23},"end":{"line":12,"column":91}},"5":{"start":{"line":13,"column":6},"end":{"line":13,"column":37}},"6":{"start":{"line":15,"column":6},"end":{"line":15,"column":53}},"7":{"start":{"line":19,"column":2},"end":{"line":21,"column":26}},"8":{"start":{"line":20,"column":4},"end":{"line":20,"column":24}},"9":{"start":{"line":23,"column":21},"end":{"line":23,"column":88}},"10":{"start":{"line":25,"column":19},"end":{"line":31,"column":3}},"11":{"start":{"line":26,"column":4},"end":{"line":26,"column":37}},"12":{"start":{"line":26,"column":26},"end":{"line":26,"column":37}},"13":{"start":{"line":27,"column":4},"end":{"line":27,"column":37}},"14":{"start":{"line":27,"column":26},"end":{"line":27,"column":37}},"15":{"start":{"line":28,"column":4},"end":{"line":28,"column":37}},"16":{"start":{"line":28,"column":26},"end":{"line":28,"column":37}},"17":{"start":{"line":29,"column":4},"end":{"line":29,"column":37}},"18":{"start":{"line":29,"column":26},"end":{"line":29,"column":37}},"19":{"start":{"line":30,"column":4},"end":{"line":30,"column":15}},"20":{"start":{"line":33,"column":24},"end":{"line":47,"column":3}},"21":{"start":{"line":34,"column":18},"end":{"line":34,"column":28}},"22":{"start":{"line":35,"column":4},"end":{"line":46,"column":5}},"23":{"start":{"line":37,"column":8},"end":{"line":37,"column":25}},"24":{"start":{"line":39,"column":8},"end":{"line":39,"column":25}},"25":{"start":{"line":41,"column":8},"end":{"line":41,"column":25}},"26":{"start":{"line":43,"column":8},"end":{"line":43,"column":25}},"27":{"start":{"line":45,"column":8},"end":{"line":45,"column":25}},"28":{"start":{"line":49,"column":2},"end":{"line":124,"column":4}},"29":{"start":{"line":97,"column":16},"end":{"line":102,"column":22}},"30":{"start":{"line":111,"column":27},"end":{"line":111,"column":51}},"31":{"start":{"line":117,"column":27},"end":{"line":117,"column":40}}},"fnMap":{"0":{"name":"Results","decl":{"start":{"line":6,"column":9},"end":{"line":6,"column":16}},"loc":{"start":{"line":6,"column":54},"end":{"line":125,"column":1}},"line":6},"1":{"name":"(anonymous_1)","decl":{"start":{"line":10,"column":40},"end":{"line":10,"column":41}},"loc":{"start":{"line":10,"column":52},"end":{"line":17,"column":3}},"line":10},"2":{"name":"(anonymous_2)","decl":{"start":{"line":19,"column":12},"end":{"line":19,"column":13}},"loc":{"start":{"line":19,"column":18},"end":{"line":21,"column":3}},"line":19},"3":{"name":"(anonymous_3)","decl":{"start":{"line":25,"column":19},"end":{"line":25,"column":20}},"loc":{"start":{"line":25,"column":25},"end":{"line":31,"column":3}},"line":25},"4":{"name":"(anonymous_4)","decl":{"start":{"line":33,"column":24},"end":{"line":33,"column":25}},"loc":{"start":{"line":33,"column":30},"end":{"line":47,"column":3}},"line":33},"5":{"name":"(anonymous_5)","decl":{"start":{"line":96,"column":44},"end":{"line":96,"column":45}},"loc":{"start":{"line":97,"column":16},"end":{"line":102,"column":22}},"line":97},"6":{"name":"(anonymous_6)","decl":{"start":{"line":111,"column":21},"end":{"line":111,"column":22}},"loc":{"start":{"line":111,"column":27},"end":{"line":111,"column":51}},"line":111},"7":{"name":"(anonymous_7)","decl":{"start":{"line":117,"column":21},"end":{"line":117,"column":22}},"loc":{"start":{"line":117,"column":27},"end":{"line":117,"column":40}},"line":117}},"branchMap":{"0":{"loc":{"start":{"line":23,"column":21},"end":{"line":23,"column":88}},"type":"cond-expr","locations":[{"start":{"line":23,"column":42},"end":{"line":23,"column":84}},{"start":{"line":23,"column":87},"end":{"line":23,"column":88}}],"line":23},"1":{"loc":{"start":{"line":26,"column":4},"end":{"line":26,"column":37}},"type":"if","locations":[{"start":{"line":26,"column":4},"end":{"line":26,"column":37}},{"start":{},"end":{}}],"line":26},"2":{"loc":{"start":{"line":27,"column":4},"end":{"line":27,"column":37}},"type":"if","locations":[{"start":{"line":27,"column":4},"end":{"line":27,"column":37}},{"start":{},"end":{}}],"line":27},"3":{"loc":{"start":{"line":28,"column":4},"end":{"line":28,"column":37}},"type":"if","locations":[{"start":{"line":28,"column":4},"end":{"line":28,"column":37}},{"start":{},"end":{}}],"line":28},"4":{"loc":{"start":{"line":29,"column":4},"end":{"line":29,"column":37}},"type":"if","locations":[{"start":{"line":29,"column":4},"end":{"line":29,"column":37}},{"start":{},"end":{}}],"line":29},"5":{"loc":{"start":{"line":35,"column":4},"end":{"line":46,"column":5}},"type":"switch","locations":[{"start":{"line":36,"column":6},"end":{"line":37,"column":25}},{"start":{"line":38,"column":6},"end":{"line":39,"column":25}},{"start":{"line":40,"column":6},"end":{"line":41,"column":25}},{"start":{"line":42,"column":6},"end":{"line":43,"column":25}},{"start":{"line":44,"column":6},"end":{"line":45,"column":25}}],"line":35},"6":{"loc":{"start":{"line":86,"column":11},"end":{"line":86,"column":95}},"type":"binary-expr","locations":[{"start":{"line":86,"column":11},"end":{"line":86,"column":27}},{"start":{"line":86,"column":31},"end":{"line":86,"column":95}}],"line":86},"7":{"loc":{"start":{"line":87,"column":11},"end":{"line":87,"column":99}},"type":"binary-expr","locations":[{"start":{"line":87,"column":11},"end":{"line":87,"column":27}},{"start":{"line":87,"column":31},"end":{"line":87,"column":46}},{"start":{"line":87,"column":50},"end":{"line":87,"column":99}}],"line":87},"8":{"loc":{"start":{"line":88,"column":11},"end":{"line":88,"column":106}},"type":"binary-expr","locations":[{"start":{"line":88,"column":11},"end":{"line":88,"column":27}},{"start":{"line":88,"column":31},"end":{"line":88,"column":46}},{"start":{"line":88,"column":50},"end":{"line":88,"column":106}}],"line":88},"9":{"loc":{"start":{"line":89,"column":11},"end":{"line":89,"column":84}},"type":"binary-expr","locations":[{"start":{"line":89,"column":11},"end":{"line":89,"column":26}},{"start":{"line":89,"column":30},"end":{"line":89,"column":84}}],"line":89},"10":{"loc":{"start":{"line":92,"column":9},"end":{"line":106,"column":9}},"type":"binary-expr","locations":[{"start":{"line":92,"column":9},"end":{"line":92,"column":32}},{"start":{"line":93,"column":10},"end":{"line":105,"column":16}}],"line":92}},"s":{"0":14,"1":14,"2":14,"3":14,"4":14,"5":14,"6":14,"7":14,"8":14,"9":14,"10":14,"11":42,"12":6,"13":36,"14":24,"15":12,"16":3,"17":9,"18":3,"19":6,"20":14,"21":28,"22":28,"23":4,"24":16,"25":2,"26":2,"27":4,"28":14,"29":0,"30":0,"31":0},"f":{"0":14,"1":14,"2":14,"3":42,"4":28,"5":0,"6":0,"7":0},"b":{"0":[13,1],"1":[6,36],"2":[24,12],"3":[3,9],"4":[3,6],"5":[4,16,2,2,4],"6":[14,2],"7":[14,10,8],"8":[14,11,1],"9":[14,3],"10":[14,0]},"_coverageSchema":"1a1c01bbd47fc00a2c39e90264f33305004495a9","hash":"5c281c6dd686745cde7cbcdfe6e679a67edcd5a4"}
}
