TN:
SF:src\components\ProgressBar.js
FN:4,ProgressBar
FNF:1
FNH:1
FNDA:9,ProgressBar
DA:5,9
LF:1
LH:1
BRF:0
BRH:0
end_of_record
TN:
SF:src\components\QuestionCard.js
FN:4,QuestionCard
FN:12,(anonymous_1)
FN:19,(anonymous_2)
FNF:3
FNH:3
FNDA:10,QuestionCard
FNDA:37,(anonymous_1)
FNDA:1,(anonymous_2)
DA:5,10
DA:13,37
DA:19,1
LF:3
LH:3
BRDA:23,0,0,37
BRDA:23,0,1,3
BRF:2
BRH:2
end_of_record
TN:
SF:src\components\Timer.js
FN:4,Timer
FN:5,(anonymous_1)
FNF:2
FNH:2
FNDA:5,Timer
FNDA:5,(anonymous_1)
DA:5,5
DA:6,5
DA:7,4
DA:8,3
DA:11,5
LF:5
LH:5
BRDA:6,0,0,1
BRDA:6,0,1,4
BRDA:7,1,0,1
BRDA:7,1,1,3
BRDA:17,2,0,5
BRDA:17,2,1,1
BRF:6
BRH:6
end_of_record
TN:
SF:src\pages\Home.js
FN:7,Home
FN:11,(anonymous_1)
FN:36,(anonymous_2)
FN:95,(anonymous_3)
FNF:4
FNH:4
FNDA:19,Home
FNDA:5,(anonymous_1)
FNDA:1,(anonymous_2)
FNDA:5,(anonymous_3)
DA:8,19
DA:9,19
DA:11,19
DA:12,5
DA:13,5
DA:14,2
DA:15,2
DA:18,3
DA:19,3
DA:20,2
DA:22,2
DA:23,1
DA:27,1
DA:28,1
DA:31,1
DA:36,1
DA:37,1
DA:38,1
DA:41,1
DA:42,1
DA:43,1
DA:47,19
DA:95,5
LF:23
LH:23
BRDA:13,0,0,2
BRDA:13,0,1,3
BRDA:22,1,0,1
BRDA:22,1,1,1
BRF:4
BRH:4
end_of_record
TN:
SF:src\pages\Leaderboard.js
FN:6,Leaderboard
FN:11,(anonymous_1)
FN:15,(anonymous_2)
FN:47,(anonymous_3)
FN:72,(anonymous_4)
FNF:5
FNH:5
FNDA:23,Leaderboard
FNDA:13,(anonymous_1)
FNDA:13,(anonymous_2)
FNDA:28,(anonymous_3)
FNDA:1,(anonymous_4)
DA:7,23
DA:8,23
DA:9,23
DA:11,23
DA:12,13
DA:15,23
DA:16,13
DA:17,13
DA:18,11
DA:19,11
DA:21,1
DA:22,1
DA:26,23
DA:48,28
DA:72,1
LF:15
LH:15
BRDA:34,0,0,13
BRDA:34,0,1,10
BRDA:36,1,0,3
BRDA:36,1,1,7
BRDA:48,2,0,21
BRDA:48,2,1,7
BRDA:51,3,0,28
BRDA:51,3,1,7
BRDA:52,4,0,28
BRDA:52,4,1,7
BRDA:53,5,0,28
BRDA:53,5,1,7
BRDA:54,6,0,28
BRDA:54,6,1,7
BRF:14
BRH:14
end_of_record
TN:
SF:src\pages\Quiz.js
FN:9,Quiz
FN:20,(anonymous_1)
FN:21,(anonymous_2)
FN:29,(anonymous_3)
FN:36,(anonymous_4)
FN:53,(anonymous_5)
FN:56,(anonymous_6)
FN:57,(anonymous_7)
FN:59,(anonymous_8)
FN:72,(anonymous_9)
FN:75,(anonymous_10)
FN:83,(anonymous_11)
FN:87,(anonymous_12)
FN:89,(anonymous_13)
FN:96,(anonymous_14)
FN:98,(anonymous_15)
FN:103,(anonymous_16)
FN:119,(anonymous_17)
FNF:18
FNH:6
FNDA:2,Quiz
FNDA:1,(anonymous_1)
FNDA:1,(anonymous_2)
FNDA:1,(anonymous_3)
FNDA:0,(anonymous_4)
FNDA:2,(anonymous_5)
FNDA:0,(anonymous_6)
FNDA:0,(anonymous_7)
FNDA:0,(anonymous_8)
FNDA:2,(anonymous_9)
FNDA:0,(anonymous_10)
FNDA:0,(anonymous_11)
FNDA:0,(anonymous_12)
FNDA:0,(anonymous_13)
FNDA:0,(anonymous_14)
FNDA:0,(anonymous_15)
FNDA:0,(anonymous_16)
FNDA:0,(anonymous_17)
DA:10,2
DA:11,2
DA:12,2
DA:13,2
DA:14,2
DA:15,2
DA:16,2
DA:17,2
DA:20,2
DA:21,1
DA:22,1
DA:23,1
DA:28,1
DA:29,1
DA:30,1
DA:31,1
DA:32,1
DA:36,1
DA:39,1
DA:41,1
DA:42,1
DA:44,0
DA:45,0
DA:49,1
DA:53,2
DA:54,2
DA:56,2
DA:57,0
DA:58,0
DA:59,0
DA:60,0
DA:61,0
DA:62,0
DA:64,0
DA:66,0
DA:68,0
DA:72,2
DA:75,2
DA:76,0
DA:77,0
DA:82,0
DA:83,0
DA:87,2
DA:88,0
DA:89,0
DA:90,0
DA:92,0
DA:96,2
DA:97,0
DA:98,0
DA:99,0
DA:103,2
DA:104,0
DA:105,0
DA:106,0
DA:108,0
DA:109,0
DA:116,0
DA:119,0
DA:120,0
DA:124,2
DA:125,1
DA:128,1
DA:129,0
DA:132,1
DA:133,1
DA:135,1
LF:67
LH:36
BRDA:30,0,0,0
BRDA:30,0,1,1
BRDA:54,1,0,0
BRDA:54,1,1,2
BRDA:58,2,0,0
BRDA:58,2,1,0
BRDA:61,3,0,0
BRDA:61,3,1,0
BRDA:64,4,0,0
BRDA:64,4,1,0
BRDA:82,5,0,0
BRDA:82,5,1,0
BRDA:88,6,0,0
BRDA:88,6,1,0
BRDA:97,7,0,0
BRDA:97,7,1,0
BRDA:124,8,0,1
BRDA:124,8,1,1
BRDA:128,9,0,0
BRDA:128,9,1,1
BRDA:169,10,0,1
BRDA:169,10,1,0
BRDA:171,11,0,1
BRDA:171,11,1,0
BRF:24
BRH:7
end_of_record
TN:
SF:src\pages\Results.js
FN:6,Results
FN:10,(anonymous_1)
FN:19,(anonymous_2)
FN:25,(anonymous_3)
FN:33,(anonymous_4)
FN:96,(anonymous_5)
FN:111,(anonymous_6)
FN:117,(anonymous_7)
FNF:8
FNH:5
FNDA:14,Results
FNDA:14,(anonymous_1)
FNDA:14,(anonymous_2)
FNDA:42,(anonymous_3)
FNDA:28,(anonymous_4)
FNDA:0,(anonymous_5)
FNDA:0,(anonymous_6)
FNDA:0,(anonymous_7)
DA:7,14
DA:8,14
DA:10,14
DA:11,14
DA:12,14
DA:13,14
DA:15,14
DA:19,14
DA:20,14
DA:23,14
DA:25,14
DA:26,42
DA:27,36
DA:28,12
DA:29,9
DA:30,6
DA:33,14
DA:34,28
DA:35,28
DA:37,4
DA:39,16
DA:41,2
DA:43,2
DA:45,4
DA:49,14
DA:97,0
DA:111,0
DA:117,0
LF:28
LH:25
BRDA:23,0,0,13
BRDA:23,0,1,1
BRDA:26,1,0,6
BRDA:26,1,1,36
BRDA:27,2,0,24
BRDA:27,2,1,12
BRDA:28,3,0,3
BRDA:28,3,1,9
BRDA:29,4,0,3
BRDA:29,4,1,6
BRDA:35,5,0,4
BRDA:35,5,1,16
BRDA:35,5,2,2
BRDA:35,5,3,2
BRDA:35,5,4,4
BRDA:86,6,0,14
BRDA:86,6,1,2
BRDA:87,7,0,14
BRDA:87,7,1,10
BRDA:87,7,2,8
BRDA:88,8,0,14
BRDA:88,8,1,11
BRDA:88,8,2,1
BRDA:89,9,0,14
BRDA:89,9,1,3
BRDA:92,10,0,14
BRDA:92,10,1,0
BRF:27
BRH:26
end_of_record
